<?xml version="1.0" encoding="UTF-8"?>
<!-- Generated by org.testng.reporters.JUnitXMLReporter -->
<testsuite ignored="0" hostname="DESKTOP-QAPNIA9" failures="16" tests="48" name="Test" time="339.753" errors="0" timestamp="2020-08-27T17:54:36 IST">
  <testcase classname="com.SoftSuave.BustelSpotTest.ExtraFunctionalityTest" name="@BeforeMethod loginAsSuperAdmin" time="10.163">
    <failure type="org.openqa.selenium.TimeoutException" message="Expected condition failed: waiting for visibility of element located by By.xpath: //input[@placeholder=&amp;apos;Enter your email address&amp;apos;] (tried for 5 second(s) with 500 milliseconds interval)">
      <![CDATA[org.openqa.selenium.TimeoutException: Expected condition failed: waiting for visibility of element located by By.xpath: //input[@placeholder='Enter your email address'] (tried for 5 second(s) with 500 milliseconds interval)
at org.openqa.selenium.support.ui.WebDriverWait.timeoutException(WebDriverWait.java:95)
at org.openqa.selenium.support.ui.FluentWait.until(FluentWait.java:272)
at com.SoftSuave.BustelSpotMain.BaseClass.waitForElement(BaseClass.java:70)
at com.SoftSuave.BustelSpotMain.PerformActions.sendKeys(PerformActions.java:15)
at com.SoftSuave.BustelSpotMain.LoginPage.loginToApplicationValid(LoginPage.java:33)
at com.SoftSuave.BustelSpotTest.ExtraFunctionalityTest.loginAsSuperAdmin(ExtraFunctionalityTest.java:19)
at java.base/java.util.ArrayList.forEach(ArrayList.java:1507)
Caused by: org.openqa.selenium.NoSuchElementException: no such element: Unable to locate element: {"method":"xpath","selector":"//input[@placeholder='Enter your email address']"}
  (Session info: chrome=84.0.4147.135)
For documentation on this error, please visit: https://www.seleniumhq.org/exceptions/no_such_element.html
Build info: version: '3.141.59', revision: 'e82be7d358', time: '2018-11-14T08:17:03'
System info: host: 'DESKTOP-QAPNIA9', ip: '192.168.4.75', os.name: 'Windows 10', os.arch: 'amd64', os.version: '10.0', java.version: '13.0.1'
Driver info: org.openqa.selenium.chrome.ChromeDriver
Capabilities {acceptInsecureCerts: false, browserName: chrome, browserVersion: 84.0.4147.135, chrome: {chromedriverVersion: 83.0.4103.39 (ccbf011cb2d2b..., userDataDir: C:\Users\SOFTSU~1\AppData\L...}, goog:chromeOptions: {debuggerAddress: localhost:53112}, javascriptEnabled: true, networkConnectionEnabled: false, pageLoadStrategy: normal, platform: WINDOWS, platformName: WINDOWS, proxy: Proxy(), setWindowRect: true, strictFileInteractability: false, timeouts: {implicit: 0, pageLoad: 300000, script: 30000}, unhandledPromptBehavior: dismiss and notify, webauthn:virtualAuthenticators: true}
Session ID: 6ef13a2de85806ab0f1a0a63c61b4eca
*** Element info: {Using=xpath, value=//input[@placeholder='Enter your email address']}
at org.openqa.selenium.remote.http.W3CHttpResponseCodec.createException(W3CHttpResponseCodec.java:187)
at org.openqa.selenium.remote.http.W3CHttpResponseCodec.decode(W3CHttpResponseCodec.java:122)
at org.openqa.selenium.remote.http.W3CHttpResponseCodec.decode(W3CHttpResponseCodec.java:49)
at org.openqa.selenium.remote.HttpCommandExecutor.execute(HttpCommandExecutor.java:158)
at org.openqa.selenium.remote.service.DriverCommandExecutor.execute(DriverCommandExecutor.java:83)
at org.openqa.selenium.remote.RemoteWebDriver.execute(RemoteWebDriver.java:552)
at org.openqa.selenium.remote.RemoteWebDriver.findElement(RemoteWebDriver.java:323)
at org.openqa.selenium.remote.RemoteWebDriver.findElementByXPath(RemoteWebDriver.java:428)
at org.openqa.selenium.By$ByXPath.findElement(By.java:353)
at org.openqa.selenium.remote.RemoteWebDriver.findElement(RemoteWebDriver.java:315)
at org.openqa.selenium.support.ui.ExpectedConditions$7.apply(ExpectedConditions.java:205)
at org.openqa.selenium.support.ui.ExpectedConditions$7.apply(ExpectedConditions.java:201)
at org.openqa.selenium.support.ui.FluentWait.until(FluentWait.java:249)
... 36 more
... Removed 36 stack frames]]>
    </failure>
  </testcase> <!-- @BeforeMethod loginAsSuperAdmin -->
  <testcase classname="com.SoftSuave.BustelSpotMain.BaseClass" name="@AfterClass close" time="-1.598530861658E9">
    <skipped/>
  </testcase> <!-- @AfterClass close -->
  <testcase classname="com.SoftSuave.BustelSpotTest.Excel" name="excelSheetVerification" time="0.448"/>
  <testcase classname="com.SoftSuave.BustelSpotTest.ActivityPageStatusTest" name="getActivityTextTotalActivity" time="0.023">
    <failure type="java.lang.AssertionError" message="expected [0%] but found [20%]">
      <![CDATA[java.lang.AssertionError: expected [0%] but found [20%]
at com.SoftSuave.BustelSpotMain.ActivityPageStatus.validationActivityPage(ActivityPageStatus.java:61)
at com.SoftSuave.BustelSpotTest.ActivityPageStatusTest.getActivityTextTotalActivity(ActivityPageStatusTest.java:49)
at java.base/java.util.ArrayList.forEach(ArrayList.java:1507)
... Removed 33 stack frames]]>
    </failure>
  </testcase> <!-- getActivityTextTotalActivity -->
  <testcase classname="com.SoftSuave.BustelSpotTest.ActivityPageStatusTest" name="getActivityTextTotalBillableHours" time="0.021">
    <failure type="java.lang.AssertionError" message="expected [00:00] but found [00:17]">
      <![CDATA[java.lang.AssertionError: expected [00:00] but found [00:17]
at com.SoftSuave.BustelSpotMain.ActivityPageStatus.validationActivityPage(ActivityPageStatus.java:54)
at com.SoftSuave.BustelSpotTest.ActivityPageStatusTest.getActivityTextTotalBillableHours(ActivityPageStatusTest.java:39)
at java.base/java.util.ArrayList.forEach(ArrayList.java:1507)
... Removed 33 stack frames]]>
    </failure>
  </testcase> <!-- getActivityTextTotalBillableHours -->
  <testcase classname="com.SoftSuave.BustelSpotTest.ActivityPageStatusTest" name="getActivityTextTotalHours" time="0.022">
    <failure type="java.lang.AssertionError" message="expected [00:00] but found [00:17]">
      <![CDATA[java.lang.AssertionError: expected [00:00] but found [00:17]
at com.SoftSuave.BustelSpotMain.ActivityPageStatus.validationActivityPage(ActivityPageStatus.java:47)
at com.SoftSuave.BustelSpotTest.ActivityPageStatusTest.getActivityTextTotalHours(ActivityPageStatusTest.java:30)
at java.base/java.util.ArrayList.forEach(ArrayList.java:1507)
... Removed 33 stack frames]]>
    </failure>
  </testcase> <!-- getActivityTextTotalHours -->
  <testcase classname="com.SoftSuave.BustelSpotTest.ActivityPageStatusTest" name="getActivityTextTotalNoofUsers" time="0.021">
    <failure type="java.lang.AssertionError" message="expected [0] but found [1]">
      <![CDATA[java.lang.AssertionError: expected [0] but found [1]
at com.SoftSuave.BustelSpotMain.ActivityPageStatus.validationActivityPage(ActivityPageStatus.java:68)
at com.SoftSuave.BustelSpotTest.ActivityPageStatusTest.getActivityTextTotalNoofUsers(ActivityPageStatusTest.java:59)
at java.base/java.util.ArrayList.forEach(ArrayList.java:1507)
... Removed 33 stack frames]]>
    </failure>
  </testcase> <!-- getActivityTextTotalNoofUsers -->
  <testcase classname="com.SoftSuave.BustelSpotTest.ProjectFunctionalityTest" name="clickOnChageRole" time="3.489"/>
  <testcase classname="com.SoftSuave.BustelSpotTest.ProjectFunctionalityTest" name="projectFunctionality" time="8.671"/>
  <testcase classname="com.SoftSuave.BustelSpotTest.ProjectFunctionalityTest" name="clickOnRemoveMember" time="2.109"/>
  <testcase classname="com.SoftSuave.BustelSpotTest.LoginTest" name="loginToApplicationInvalidEmail" time="3.194"/>
  <testcase classname="com.SoftSuave.BustelSpotTest.LoginTest" name="loginToApplicationInvalidPassword" time="1.204"/>
  <testcase classname="com.SoftSuave.BustelSpotTest.LoginTest" name="loginToApplicationNoData" time="0.362"/>
  <testcase classname="com.SoftSuave.BustelSpotTest.LoginTest" name="loginToApplicationShortMail" time="0.395"/>
  <testcase classname="com.SoftSuave.BustelSpotTest.LoginTest" name="loginToApplicationValid" time="1.628"/>
  <testcase classname="com.SoftSuave.BustelSpotTest.TaskTest" name="addTaskTestFunctionality" time="11.767"/>
  <testcase classname="com.SoftSuave.BustelSpotTest.TaskTest" name="editFunctionality" time="7.137"/>
  <testcase classname="com.SoftSuave.BustelSpotTest.TaskTest" name="deleteFunctionalityYes" time="5.783">
    <failure type="java.lang.AssertionError" message="expected [Task was successfully deleted] but found []">
      <![CDATA[java.lang.AssertionError: expected [Task was successfully deleted] but found []
at com.SoftSuave.BustelSpotMain.TaskFunctionality.validationTaskFunctionality(TaskFunctionality.java:145)
at com.SoftSuave.BustelSpotTest.TaskTest.deleteFunctionalityYes(TaskTest.java:82)
at java.base/java.util.ArrayList.forEach(ArrayList.java:1507)
... Removed 33 stack frames]]>
    </failure>
  </testcase> <!-- deleteFunctionalityYes -->
  <testcase classname="com.SoftSuave.BustelSpotTest.ExtraFunctionalityTest" name="clickOnOptions" time="10.032">
    <failure type="org.openqa.selenium.NoSuchElementException" message="no such element: Unable to locate element: {&amp;quot;method&amp;quot;:&amp;quot;xpath&amp;quot;,&amp;quot;selector&amp;quot;:&amp;quot;(//*[text()=&amp;apos;Test Cases&amp;apos;]/following-sibling::button//span)[1]&amp;quot;}
  (Session info: chrome=84.0.4147.135)
For documentation on this error, please visit: https://www.seleniumhq.org/exceptions/no_such_element.html
Build info: version: &amp;apos;3.141.59&amp;apos;, revision: &amp;apos;e82be7d358&amp;apos;, time: &amp;apos;2018-11-14T08:17:03&amp;apos;
System info: host: &amp;apos;DESKTOP-QAPNIA9&amp;apos;, ip: &amp;apos;192.168.4.75&amp;apos;, os.name: &amp;apos;Windows 10&amp;apos;, os.arch: &amp;apos;amd64&amp;apos;, os.version: &amp;apos;10.0&amp;apos;, java.version: &amp;apos;13.0.1&amp;apos;
Driver info: org.openqa.selenium.chrome.ChromeDriver
Capabilities {acceptInsecureCerts: false, browserName: chrome, browserVersion: 84.0.4147.135, chrome: {chromedriverVersion: 83.0.4103.39 (ccbf011cb2d2b..., userDataDir: C:\Users\SOFTSU~1\AppData\L...}, goog:chromeOptions: {debuggerAddress: localhost:53112}, javascriptEnabled: true, networkConnectionEnabled: false, pageLoadStrategy: normal, platform: WINDOWS, platformName: WINDOWS, proxy: Proxy(), setWindowRect: true, strictFileInteractability: false, timeouts: {implicit: 0, pageLoad: 300000, script: 30000}, unhandledPromptBehavior: dismiss and notify, webauthn:virtualAuthenticators: true}
Session ID: 6ef13a2de85806ab0f1a0a63c61b4eca
*** Element info: {Using=xpath, value=(//*[text()=&amp;apos;Test Cases&amp;apos;]/following-sibling::button//span)[1]}">
      <![CDATA[org.openqa.selenium.NoSuchElementException: no such element: Unable to locate element: {"method":"xpath","selector":"(//*[text()='Test Cases']/following-sibling::button//span)[1]"}
  (Session info: chrome=84.0.4147.135)
For documentation on this error, please visit: https://www.seleniumhq.org/exceptions/no_such_element.html
Build info: version: '3.141.59', revision: 'e82be7d358', time: '2018-11-14T08:17:03'
System info: host: 'DESKTOP-QAPNIA9', ip: '192.168.4.75', os.name: 'Windows 10', os.arch: 'amd64', os.version: '10.0', java.version: '13.0.1'
Driver info: org.openqa.selenium.chrome.ChromeDriver
Capabilities {acceptInsecureCerts: false, browserName: chrome, browserVersion: 84.0.4147.135, chrome: {chromedriverVersion: 83.0.4103.39 (ccbf011cb2d2b..., userDataDir: C:\Users\SOFTSU~1\AppData\L...}, goog:chromeOptions: {debuggerAddress: localhost:53112}, javascriptEnabled: true, networkConnectionEnabled: false, pageLoadStrategy: normal, platform: WINDOWS, platformName: WINDOWS, proxy: Proxy(), setWindowRect: true, strictFileInteractability: false, timeouts: {implicit: 0, pageLoad: 300000, script: 30000}, unhandledPromptBehavior: dismiss and notify, webauthn:virtualAuthenticators: true}
Session ID: 6ef13a2de85806ab0f1a0a63c61b4eca
*** Element info: {Using=xpath, value=(//*[text()='Test Cases']/following-sibling::button//span)[1]}
at org.openqa.selenium.remote.http.W3CHttpResponseCodec.createException(W3CHttpResponseCodec.java:187)
at org.openqa.selenium.remote.http.W3CHttpResponseCodec.decode(W3CHttpResponseCodec.java:122)
at org.openqa.selenium.remote.http.W3CHttpResponseCodec.decode(W3CHttpResponseCodec.java:49)
at org.openqa.selenium.remote.HttpCommandExecutor.execute(HttpCommandExecutor.java:158)
at org.openqa.selenium.remote.service.DriverCommandExecutor.execute(DriverCommandExecutor.java:83)
at org.openqa.selenium.remote.RemoteWebDriver.execute(RemoteWebDriver.java:552)
at org.openqa.selenium.remote.RemoteWebDriver.findElement(RemoteWebDriver.java:323)
at org.openqa.selenium.remote.RemoteWebDriver.findElementByXPath(RemoteWebDriver.java:428)
at org.openqa.selenium.By$ByXPath.findElement(By.java:353)
at org.openqa.selenium.remote.RemoteWebDriver.findElement(RemoteWebDriver.java:315)
at com.SoftSuave.BustelSpotMain.ExtraFunctionality.clickOnEdit(ExtraFunctionality.java:15)
at com.SoftSuave.BustelSpotTest.ExtraFunctionalityTest.clickOnOptions(ExtraFunctionalityTest.java:39)
at java.base/java.util.ArrayList.forEach(ArrayList.java:1507)
... Removed 32 stack frames]]>
    </failure>
  </testcase> <!-- clickOnOptions -->
  <testcase classname="com.SoftSuave.BustelSpotTest.ExtraFunctionalityTest" name="projectFunctionality" time="0.0">
    <skipped/>
  </testcase> <!-- projectFunctionality -->
  <testcase classname="com.SoftSuave.BustelSpotTest.SignOutTest" name="signOutFun" time="4.819"/>
  <testcase classname="com.SoftSuave.BustelSpotTest.MembersFunctionalityTest" name="clickOnInvite" time="6.738"/>
  <testcase classname="com.SoftSuave.BustelSpotTest.MembersFunctionalityTest" name="clickOnRemoveInviteeLink" time="1.283">
    <failure type="org.openqa.selenium.StaleElementReferenceException" message="stale element reference: element is not attached to the page document
  (Session info: chrome=84.0.4147.135)
For documentation on this error, please visit: https://www.seleniumhq.org/exceptions/stale_element_reference.html
Build info: version: &amp;apos;3.141.59&amp;apos;, revision: &amp;apos;e82be7d358&amp;apos;, time: &amp;apos;2018-11-14T08:17:03&amp;apos;
System info: host: &amp;apos;DESKTOP-QAPNIA9&amp;apos;, ip: &amp;apos;192.168.4.75&amp;apos;, os.name: &amp;apos;Windows 10&amp;apos;, os.arch: &amp;apos;amd64&amp;apos;, os.version: &amp;apos;10.0&amp;apos;, java.version: &amp;apos;13.0.1&amp;apos;
Driver info: org.openqa.selenium.chrome.ChromeDriver
Capabilities {acceptInsecureCerts: false, browserName: chrome, browserVersion: 84.0.4147.135, chrome: {chromedriverVersion: 83.0.4103.39 (ccbf011cb2d2b..., userDataDir: C:\Users\SOFTSU~1\AppData\L...}, goog:chromeOptions: {debuggerAddress: localhost:53200}, javascriptEnabled: true, networkConnectionEnabled: false, pageLoadStrategy: normal, platform: WINDOWS, platformName: WINDOWS, proxy: Proxy(), setWindowRect: true, strictFileInteractability: false, timeouts: {implicit: 0, pageLoad: 300000, script: 30000}, unhandledPromptBehavior: dismiss and notify, webauthn:virtualAuthenticators: true}
Session ID: 1dc5ca6151f993e9af799721ccae7515">
      <![CDATA[org.openqa.selenium.StaleElementReferenceException: stale element reference: element is not attached to the page document
  (Session info: chrome=84.0.4147.135)
For documentation on this error, please visit: https://www.seleniumhq.org/exceptions/stale_element_reference.html
Build info: version: '3.141.59', revision: 'e82be7d358', time: '2018-11-14T08:17:03'
System info: host: 'DESKTOP-QAPNIA9', ip: '192.168.4.75', os.name: 'Windows 10', os.arch: 'amd64', os.version: '10.0', java.version: '13.0.1'
Driver info: org.openqa.selenium.chrome.ChromeDriver
Capabilities {acceptInsecureCerts: false, browserName: chrome, browserVersion: 84.0.4147.135, chrome: {chromedriverVersion: 83.0.4103.39 (ccbf011cb2d2b..., userDataDir: C:\Users\SOFTSU~1\AppData\L...}, goog:chromeOptions: {debuggerAddress: localhost:53200}, javascriptEnabled: true, networkConnectionEnabled: false, pageLoadStrategy: normal, platform: WINDOWS, platformName: WINDOWS, proxy: Proxy(), setWindowRect: true, strictFileInteractability: false, timeouts: {implicit: 0, pageLoad: 300000, script: 30000}, unhandledPromptBehavior: dismiss and notify, webauthn:virtualAuthenticators: true}
Session ID: 1dc5ca6151f993e9af799721ccae7515
at org.openqa.selenium.remote.http.W3CHttpResponseCodec.createException(W3CHttpResponseCodec.java:187)
at org.openqa.selenium.remote.http.W3CHttpResponseCodec.decode(W3CHttpResponseCodec.java:122)
at org.openqa.selenium.remote.http.W3CHttpResponseCodec.decode(W3CHttpResponseCodec.java:49)
at org.openqa.selenium.remote.HttpCommandExecutor.execute(HttpCommandExecutor.java:158)
at org.openqa.selenium.remote.service.DriverCommandExecutor.execute(DriverCommandExecutor.java:83)
at org.openqa.selenium.remote.RemoteWebDriver.execute(RemoteWebDriver.java:552)
at org.openqa.selenium.remote.RemoteWebElement.execute(RemoteWebElement.java:285)
at org.openqa.selenium.remote.RemoteWebElement.click(RemoteWebElement.java:84)
at com.SoftSuave.BustelSpotMain.MembersFunctionality.memberInviteFunctionality(MembersFunctionality.java:97)
at com.SoftSuave.BustelSpotTest.MembersFunctionalityTest.clickOnRemoveInviteeLink(MembersFunctionalityTest.java:61)
at java.base/java.util.ArrayList.forEach(ArrayList.java:1507)
... Removed 32 stack frames]]>
    </failure>
  </testcase> <!-- clickOnRemoveInviteeLink -->
  <testcase classname="com.SoftSuave.BustelSpotTest.MembersFunctionalityTest" name="membersFunctionality" time="10.154">
    <failure type="org.openqa.selenium.TimeoutException" message="Expected condition failed: waiting for visibility of element located by By.xpath: //input[@placeholder=&amp;apos;Enter your email address&amp;apos;] (tried for 5 second(s) with 500 milliseconds interval)">
      <![CDATA[org.openqa.selenium.TimeoutException: Expected condition failed: waiting for visibility of element located by By.xpath: //input[@placeholder='Enter your email address'] (tried for 5 second(s) with 500 milliseconds interval)
at org.openqa.selenium.support.ui.WebDriverWait.timeoutException(WebDriverWait.java:95)
at org.openqa.selenium.support.ui.FluentWait.until(FluentWait.java:272)
at com.SoftSuave.BustelSpotMain.BaseClass.waitForElement(BaseClass.java:70)
at com.SoftSuave.BustelSpotMain.PerformActions.sendKeys(PerformActions.java:15)
at com.SoftSuave.BustelSpotMain.LoginPage.loginToApplicationValid(LoginPage.java:33)
at com.SoftSuave.BustelSpotMain.LoginPage.loginToApplicationValid(LoginPage.java:22)
at com.SoftSuave.BustelSpotTest.MembersFunctionalityTest.membersFunctionality(MembersFunctionalityTest.java:17)
at java.base/java.util.ArrayList.forEach(ArrayList.java:1507)
Caused by: org.openqa.selenium.NoSuchElementException: no such element: Unable to locate element: {"method":"xpath","selector":"//input[@placeholder='Enter your email address']"}
  (Session info: chrome=84.0.4147.135)
For documentation on this error, please visit: https://www.seleniumhq.org/exceptions/no_such_element.html
Build info: version: '3.141.59', revision: 'e82be7d358', time: '2018-11-14T08:17:03'
System info: host: 'DESKTOP-QAPNIA9', ip: '192.168.4.75', os.name: 'Windows 10', os.arch: 'amd64', os.version: '10.0', java.version: '13.0.1'
Driver info: org.openqa.selenium.chrome.ChromeDriver
Capabilities {acceptInsecureCerts: false, browserName: chrome, browserVersion: 84.0.4147.135, chrome: {chromedriverVersion: 83.0.4103.39 (ccbf011cb2d2b..., userDataDir: C:\Users\SOFTSU~1\AppData\L...}, goog:chromeOptions: {debuggerAddress: localhost:53200}, javascriptEnabled: true, networkConnectionEnabled: false, pageLoadStrategy: normal, platform: WINDOWS, platformName: WINDOWS, proxy: Proxy(), setWindowRect: true, strictFileInteractability: false, timeouts: {implicit: 0, pageLoad: 300000, script: 30000}, unhandledPromptBehavior: dismiss and notify, webauthn:virtualAuthenticators: true}
Session ID: 1dc5ca6151f993e9af799721ccae7515
*** Element info: {Using=xpath, value=//input[@placeholder='Enter your email address']}
at org.openqa.selenium.remote.http.W3CHttpResponseCodec.createException(W3CHttpResponseCodec.java:187)
at org.openqa.selenium.remote.http.W3CHttpResponseCodec.decode(W3CHttpResponseCodec.java:122)
at org.openqa.selenium.remote.http.W3CHttpResponseCodec.decode(W3CHttpResponseCodec.java:49)
at org.openqa.selenium.remote.HttpCommandExecutor.execute(HttpCommandExecutor.java:158)
at org.openqa.selenium.remote.service.DriverCommandExecutor.execute(DriverCommandExecutor.java:83)
at org.openqa.selenium.remote.RemoteWebDriver.execute(RemoteWebDriver.java:552)
at org.openqa.selenium.remote.RemoteWebDriver.findElement(RemoteWebDriver.java:323)
at org.openqa.selenium.remote.RemoteWebDriver.findElementByXPath(RemoteWebDriver.java:428)
at org.openqa.selenium.By$ByXPath.findElement(By.java:353)
at org.openqa.selenium.remote.RemoteWebDriver.findElement(RemoteWebDriver.java:315)
at org.openqa.selenium.support.ui.ExpectedConditions$7.apply(ExpectedConditions.java:205)
at org.openqa.selenium.support.ui.ExpectedConditions$7.apply(ExpectedConditions.java:201)
at org.openqa.selenium.support.ui.FluentWait.until(FluentWait.java:249)
... 33 more
... Removed 32 stack frames]]>
    </failure>
  </testcase> <!-- membersFunctionality -->
  <testcase classname="com.SoftSuave.BustelSpotTest.MembersFunctionalityTest" name="clickOnResendInvitationLink" time="10.16">
    <failure type="org.openqa.selenium.TimeoutException" message="Expected condition failed: waiting for visibility of element located by By.xpath: //input[@placeholder=&amp;apos;Enter your email address&amp;apos;] (tried for 5 second(s) with 500 milliseconds interval)">
      <![CDATA[org.openqa.selenium.TimeoutException: Expected condition failed: waiting for visibility of element located by By.xpath: //input[@placeholder='Enter your email address'] (tried for 5 second(s) with 500 milliseconds interval)
at org.openqa.selenium.support.ui.WebDriverWait.timeoutException(WebDriverWait.java:95)
at org.openqa.selenium.support.ui.FluentWait.until(FluentWait.java:272)
at com.SoftSuave.BustelSpotMain.BaseClass.waitForElement(BaseClass.java:70)
at com.SoftSuave.BustelSpotMain.PerformActions.sendKeys(PerformActions.java:15)
at com.SoftSuave.BustelSpotMain.LoginPage.loginToApplicationValid(LoginPage.java:33)
at com.SoftSuave.BustelSpotMain.LoginPage.loginToApplicationValid(LoginPage.java:22)
at com.SoftSuave.BustelSpotTest.MembersFunctionalityTest.clickOnResendInvitationLink(MembersFunctionalityTest.java:46)
at java.base/java.util.ArrayList.forEach(ArrayList.java:1507)
Caused by: org.openqa.selenium.NoSuchElementException: no such element: Unable to locate element: {"method":"xpath","selector":"//input[@placeholder='Enter your email address']"}
  (Session info: chrome=84.0.4147.135)
For documentation on this error, please visit: https://www.seleniumhq.org/exceptions/no_such_element.html
Build info: version: '3.141.59', revision: 'e82be7d358', time: '2018-11-14T08:17:03'
System info: host: 'DESKTOP-QAPNIA9', ip: '192.168.4.75', os.name: 'Windows 10', os.arch: 'amd64', os.version: '10.0', java.version: '13.0.1'
Driver info: org.openqa.selenium.chrome.ChromeDriver
Capabilities {acceptInsecureCerts: false, browserName: chrome, browserVersion: 84.0.4147.135, chrome: {chromedriverVersion: 83.0.4103.39 (ccbf011cb2d2b..., userDataDir: C:\Users\SOFTSU~1\AppData\L...}, goog:chromeOptions: {debuggerAddress: localhost:53200}, javascriptEnabled: true, networkConnectionEnabled: false, pageLoadStrategy: normal, platform: WINDOWS, platformName: WINDOWS, proxy: Proxy(), setWindowRect: true, strictFileInteractability: false, timeouts: {implicit: 0, pageLoad: 300000, script: 30000}, unhandledPromptBehavior: dismiss and notify, webauthn:virtualAuthenticators: true}
Session ID: 1dc5ca6151f993e9af799721ccae7515
*** Element info: {Using=xpath, value=//input[@placeholder='Enter your email address']}
at org.openqa.selenium.remote.http.W3CHttpResponseCodec.createException(W3CHttpResponseCodec.java:187)
at org.openqa.selenium.remote.http.W3CHttpResponseCodec.decode(W3CHttpResponseCodec.java:122)
at org.openqa.selenium.remote.http.W3CHttpResponseCodec.decode(W3CHttpResponseCodec.java:49)
at org.openqa.selenium.remote.HttpCommandExecutor.execute(HttpCommandExecutor.java:158)
at org.openqa.selenium.remote.service.DriverCommandExecutor.execute(DriverCommandExecutor.java:83)
at org.openqa.selenium.remote.RemoteWebDriver.execute(RemoteWebDriver.java:552)
at org.openqa.selenium.remote.RemoteWebDriver.findElement(RemoteWebDriver.java:323)
at org.openqa.selenium.remote.RemoteWebDriver.findElementByXPath(RemoteWebDriver.java:428)
at org.openqa.selenium.By$ByXPath.findElement(By.java:353)
at org.openqa.selenium.remote.RemoteWebDriver.findElement(RemoteWebDriver.java:315)
at org.openqa.selenium.support.ui.ExpectedConditions$7.apply(ExpectedConditions.java:205)
at org.openqa.selenium.support.ui.ExpectedConditions$7.apply(ExpectedConditions.java:201)
at org.openqa.selenium.support.ui.FluentWait.until(FluentWait.java:249)
... 33 more
... Removed 32 stack frames]]>
    </failure>
  </testcase> <!-- clickOnResendInvitationLink -->
  <testcase classname="com.SoftSuave.BustelSpotTest.ForgetPasswordTest" name="clickOnLoginLinkInForgotPassword" time="2.925"/>
  <testcase classname="com.SoftSuave.BustelSpotTest.ForgetPasswordTest" name="forgetPasswordInvalidEmailId" time="0.95"/>
  <testcase classname="com.SoftSuave.BustelSpotTest.ForgetPasswordTest" name="forgetPasswordNoData" time="0.271"/>
  <testcase classname="com.SoftSuave.BustelSpotTest.ForgetPasswordTest" name="forgetPasswordShortEmailId" time="0.269"/>
  <testcase classname="com.SoftSuave.BustelSpotTest.ForgetPasswordTest" name="forgetPasswordValidEmailId" time="1.014"/>
  <testcase classname="com.SoftSuave.BustelSpotTest.ForgetPasswordTest" name="clickOnLogin" time="0.192"/>
  <testcase classname="com.SoftSuave.BustelSpotTest.DownloadTrackerTest" name="clickOnDownloadTracker" time="3.991"/>
  <testcase classname="com.SoftSuave.BustelSpotTest.SignUpTest" name="signUpAppInvalid" time="2.582"/>
  <testcase classname="com.SoftSuave.BustelSpotTest.SignUpTest" name="signUpAppNewUser" time="1.545"/>
  <testcase classname="com.SoftSuave.BustelSpotTest.SignUpTest" name="signUpAppOldUser" time="1.31"/>
  <testcase classname="com.SoftSuave.BustelSpotTest.SignUpTest" name="signUpAppLoginLink" time="0.279"/>
  <testcase classname="com.SoftSuave.BustelSpotTest.ActivityTest" name="activityPagetest" time="5.746"/>
  <testcase classname="com.SoftSuave.BustelSpotTest.ActivityTest" name="activityPagetestclickOnLastMonth" time="3.39"/>
  <testcase classname="com.SoftSuave.BustelSpotTest.ActivityTest" name="activityPagetestclickOnLastWeek" time="3.268"/>
  <testcase classname="com.SoftSuave.BustelSpotTest.ActivityTest" name="activityPagetestclickOnThisMonth" time="3.25"/>
  <testcase classname="com.SoftSuave.BustelSpotTest.ActivityTest" name="activityPagetestclickOnThisWeek" time="3.213"/>
  <testcase classname="com.SoftSuave.BustelSpotTest.ActivityTest" name="activityPagetestclickOnToday" time="3.129"/>
  <testcase classname="com.SoftSuave.BustelSpotTest.ActivityTest" name="activityPagetestclickOnYestarday" time="3.45"/>
  <testcase classname="com.SoftSuave.BustelSpotTest.CreateManagementTest" name="createOrganisation" time="19.911">
    <failure type="org.openqa.selenium.TimeoutException" message="Expected condition failed: waiting for element to be clickable: By.xpath: (//*[@class=&amp;apos;MuiIconButton-label&amp;apos;])[2] (tried for 5 second(s) with 500 milliseconds interval)
Build info: version: &amp;apos;3.141.59&amp;apos;, revision: &amp;apos;e82be7d358&amp;apos;, time: &amp;apos;2018-11-14T08:17:03&amp;apos;
System info: host: &amp;apos;DESKTOP-QAPNIA9&amp;apos;, ip: &amp;apos;192.168.4.75&amp;apos;, os.name: &amp;apos;Windows 10&amp;apos;, os.arch: &amp;apos;amd64&amp;apos;, os.version: &amp;apos;10.0&amp;apos;, java.version: &amp;apos;13.0.1&amp;apos;
Driver info: org.openqa.selenium.chrome.ChromeDriver
Capabilities {acceptInsecureCerts: false, browserName: chrome, browserVersion: 84.0.4147.135, chrome: {chromedriverVersion: 83.0.4103.39 (ccbf011cb2d2b..., userDataDir: C:\Users\SOFTSU~1\AppData\L...}, goog:chromeOptions: {debuggerAddress: localhost:53445}, javascriptEnabled: true, networkConnectionEnabled: false, pageLoadStrategy: normal, platform: WINDOWS, platformName: WINDOWS, proxy: Proxy(), setWindowRect: true, strictFileInteractability: false, timeouts: {implicit: 0, pageLoad: 300000, script: 30000}, unhandledPromptBehavior: dismiss and notify, webauthn:virtualAuthenticators: true}
Session ID: 13721bf6390bf8273904fe490c9502ce">
      <![CDATA[org.openqa.selenium.TimeoutException: Expected condition failed: waiting for element to be clickable: By.xpath: (//*[@class='MuiIconButton-label'])[2] (tried for 5 second(s) with 500 milliseconds interval)
Build info: version: '3.141.59', revision: 'e82be7d358', time: '2018-11-14T08:17:03'
System info: host: 'DESKTOP-QAPNIA9', ip: '192.168.4.75', os.name: 'Windows 10', os.arch: 'amd64', os.version: '10.0', java.version: '13.0.1'
Driver info: org.openqa.selenium.chrome.ChromeDriver
Capabilities {acceptInsecureCerts: false, browserName: chrome, browserVersion: 84.0.4147.135, chrome: {chromedriverVersion: 83.0.4103.39 (ccbf011cb2d2b..., userDataDir: C:\Users\SOFTSU~1\AppData\L...}, goog:chromeOptions: {debuggerAddress: localhost:53445}, javascriptEnabled: true, networkConnectionEnabled: false, pageLoadStrategy: normal, platform: WINDOWS, platformName: WINDOWS, proxy: Proxy(), setWindowRect: true, strictFileInteractability: false, timeouts: {implicit: 0, pageLoad: 300000, script: 30000}, unhandledPromptBehavior: dismiss and notify, webauthn:virtualAuthenticators: true}
Session ID: 13721bf6390bf8273904fe490c9502ce
at org.openqa.selenium.support.ui.WebDriverWait.timeoutException(WebDriverWait.java:95)
at org.openqa.selenium.support.ui.FluentWait.until(FluentWait.java:272)
at com.SoftSuave.BustelSpotMain.BaseClass.waitForElementClickable(BaseClass.java:78)
at com.SoftSuave.BustelSpotMain.SignOutFunctionality.clickOnSignOut(SignOutFunctionality.java:14)
at com.SoftSuave.BustelSpotTest.CreateManagementTest.signOut(CreateManagementTest.java:18)
at com.SoftSuave.BustelSpotTest.CreateManagementTest.createOrganisation(CreateManagementTest.java:30)
at java.base/java.util.ArrayList.forEach(ArrayList.java:1507)
... Removed 27 stack frames]]>
    </failure>
  </testcase> <!-- createOrganisation -->
  <testcase classname="com.SoftSuave.BustelSpotTest.CreateManagementTest" name="organisationPressBack" time="9.799">
    <failure type="java.lang.AssertionError" message="expected [http://bustle-spot.com/organisation] but found [http://bustle-spot.com/activity]">
      <![CDATA[java.lang.AssertionError: expected [http://bustle-spot.com/organisation] but found [http://bustle-spot.com/activity]
at com.SoftSuave.BustelSpotMain.CreateManagement.validationCreateManagement(CreateManagement.java:139)
at com.SoftSuave.BustelSpotTest.CreateManagementTest.organisationPressBack(CreateManagementTest.java:39)
at java.base/java.util.ArrayList.forEach(ArrayList.java:1507)
... Removed 33 stack frames]]>
    </failure>
  </testcase> <!-- organisationPressBack -->
  <testcase classname="com.SoftSuave.BustelSpotTest.CreateManagementTest" name="createOrganisationDublicates" time="10.157">
    <failure type="org.openqa.selenium.TimeoutException" message="Expected condition failed: waiting for visibility of element located by By.xpath: //input[@placeholder=&amp;apos;Enter your email address&amp;apos;] (tried for 5 second(s) with 500 milliseconds interval)">
      <![CDATA[org.openqa.selenium.TimeoutException: Expected condition failed: waiting for visibility of element located by By.xpath: //input[@placeholder='Enter your email address'] (tried for 5 second(s) with 500 milliseconds interval)
at org.openqa.selenium.support.ui.WebDriverWait.timeoutException(WebDriverWait.java:95)
at org.openqa.selenium.support.ui.FluentWait.until(FluentWait.java:272)
at com.SoftSuave.BustelSpotMain.BaseClass.waitForElement(BaseClass.java:70)
at com.SoftSuave.BustelSpotMain.PerformActions.sendKeys(PerformActions.java:15)
at com.SoftSuave.BustelSpotMain.LoginPage.loginToApplicationValid(LoginPage.java:33)
at com.SoftSuave.BustelSpotMain.LoginPage.loginToApplicationValid(LoginPage.java:22)
at com.SoftSuave.BustelSpotTest.CreateManagementTest.createOrganisationDublicates(CreateManagementTest.java:47)
at java.base/java.util.ArrayList.forEach(ArrayList.java:1507)
Caused by: org.openqa.selenium.NoSuchElementException: no such element: Unable to locate element: {"method":"xpath","selector":"//input[@placeholder='Enter your email address']"}
  (Session info: chrome=84.0.4147.135)
For documentation on this error, please visit: https://www.seleniumhq.org/exceptions/no_such_element.html
Build info: version: '3.141.59', revision: 'e82be7d358', time: '2018-11-14T08:17:03'
System info: host: 'DESKTOP-QAPNIA9', ip: '192.168.4.75', os.name: 'Windows 10', os.arch: 'amd64', os.version: '10.0', java.version: '13.0.1'
Driver info: org.openqa.selenium.chrome.ChromeDriver
Capabilities {acceptInsecureCerts: false, browserName: chrome, browserVersion: 84.0.4147.135, chrome: {chromedriverVersion: 83.0.4103.39 (ccbf011cb2d2b..., userDataDir: C:\Users\SOFTSU~1\AppData\L...}, goog:chromeOptions: {debuggerAddress: localhost:53445}, javascriptEnabled: true, networkConnectionEnabled: false, pageLoadStrategy: normal, platform: WINDOWS, platformName: WINDOWS, proxy: Proxy(), setWindowRect: true, strictFileInteractability: false, timeouts: {implicit: 0, pageLoad: 300000, script: 30000}, unhandledPromptBehavior: dismiss and notify, webauthn:virtualAuthenticators: true}
Session ID: 13721bf6390bf8273904fe490c9502ce
*** Element info: {Using=xpath, value=//input[@placeholder='Enter your email address']}
at org.openqa.selenium.remote.http.W3CHttpResponseCodec.createException(W3CHttpResponseCodec.java:187)
at org.openqa.selenium.remote.http.W3CHttpResponseCodec.decode(W3CHttpResponseCodec.java:122)
at org.openqa.selenium.remote.http.W3CHttpResponseCodec.decode(W3CHttpResponseCodec.java:49)
at org.openqa.selenium.remote.HttpCommandExecutor.execute(HttpCommandExecutor.java:158)
at org.openqa.selenium.remote.service.DriverCommandExecutor.execute(DriverCommandExecutor.java:83)
at org.openqa.selenium.remote.RemoteWebDriver.execute(RemoteWebDriver.java:552)
at org.openqa.selenium.remote.RemoteWebDriver.findElement(RemoteWebDriver.java:323)
at org.openqa.selenium.remote.RemoteWebDriver.findElementByXPath(RemoteWebDriver.java:428)
at org.openqa.selenium.By$ByXPath.findElement(By.java:353)
at org.openqa.selenium.remote.RemoteWebDriver.findElement(RemoteWebDriver.java:315)
at org.openqa.selenium.support.ui.ExpectedConditions$7.apply(ExpectedConditions.java:205)
at org.openqa.selenium.support.ui.ExpectedConditions$7.apply(ExpectedConditions.java:201)
at org.openqa.selenium.support.ui.FluentWait.until(FluentWait.java:249)
... 33 more
... Removed 32 stack frames]]>
    </failure>
  </testcase> <!-- createOrganisationDublicates -->
  <testcase classname="com.SoftSuave.BustelSpotTest.CreateManagementTest" name="editManagementFunctionality" time="10.178">
    <failure type="org.openqa.selenium.TimeoutException" message="Expected condition failed: waiting for visibility of element located by By.xpath: //input[@placeholder=&amp;apos;Enter your email address&amp;apos;] (tried for 5 second(s) with 500 milliseconds interval)">
      <![CDATA[org.openqa.selenium.TimeoutException: Expected condition failed: waiting for visibility of element located by By.xpath: //input[@placeholder='Enter your email address'] (tried for 5 second(s) with 500 milliseconds interval)
at org.openqa.selenium.support.ui.WebDriverWait.timeoutException(WebDriverWait.java:95)
at org.openqa.selenium.support.ui.FluentWait.until(FluentWait.java:272)
at com.SoftSuave.BustelSpotMain.BaseClass.waitForElement(BaseClass.java:70)
at com.SoftSuave.BustelSpotMain.PerformActions.sendKeys(PerformActions.java:15)
at com.SoftSuave.BustelSpotMain.LoginPage.loginToApplicationValid(LoginPage.java:33)
at com.SoftSuave.BustelSpotMain.LoginPage.loginToApplicationValid(LoginPage.java:22)
at com.SoftSuave.BustelSpotTest.CreateManagementTest.editManagementFunctionality(CreateManagementTest.java:62)
at java.base/java.util.ArrayList.forEach(ArrayList.java:1507)
Caused by: org.openqa.selenium.NoSuchElementException: no such element: Unable to locate element: {"method":"xpath","selector":"//input[@placeholder='Enter your email address']"}
  (Session info: chrome=84.0.4147.135)
For documentation on this error, please visit: https://www.seleniumhq.org/exceptions/no_such_element.html
Build info: version: '3.141.59', revision: 'e82be7d358', time: '2018-11-14T08:17:03'
System info: host: 'DESKTOP-QAPNIA9', ip: '192.168.4.75', os.name: 'Windows 10', os.arch: 'amd64', os.version: '10.0', java.version: '13.0.1'
Driver info: org.openqa.selenium.chrome.ChromeDriver
Capabilities {acceptInsecureCerts: false, browserName: chrome, browserVersion: 84.0.4147.135, chrome: {chromedriverVersion: 83.0.4103.39 (ccbf011cb2d2b..., userDataDir: C:\Users\SOFTSU~1\AppData\L...}, goog:chromeOptions: {debuggerAddress: localhost:53445}, javascriptEnabled: true, networkConnectionEnabled: false, pageLoadStrategy: normal, platform: WINDOWS, platformName: WINDOWS, proxy: Proxy(), setWindowRect: true, strictFileInteractability: false, timeouts: {implicit: 0, pageLoad: 300000, script: 30000}, unhandledPromptBehavior: dismiss and notify, webauthn:virtualAuthenticators: true}
Session ID: 13721bf6390bf8273904fe490c9502ce
*** Element info: {Using=xpath, value=//input[@placeholder='Enter your email address']}
at org.openqa.selenium.remote.http.W3CHttpResponseCodec.createException(W3CHttpResponseCodec.java:187)
at org.openqa.selenium.remote.http.W3CHttpResponseCodec.decode(W3CHttpResponseCodec.java:122)
at org.openqa.selenium.remote.http.W3CHttpResponseCodec.decode(W3CHttpResponseCodec.java:49)
at org.openqa.selenium.remote.HttpCommandExecutor.execute(HttpCommandExecutor.java:158)
at org.openqa.selenium.remote.service.DriverCommandExecutor.execute(DriverCommandExecutor.java:83)
at org.openqa.selenium.remote.RemoteWebDriver.execute(RemoteWebDriver.java:552)
at org.openqa.selenium.remote.RemoteWebDriver.findElement(RemoteWebDriver.java:323)
at org.openqa.selenium.remote.RemoteWebDriver.findElementByXPath(RemoteWebDriver.java:428)
at org.openqa.selenium.By$ByXPath.findElement(By.java:353)
at org.openqa.selenium.remote.RemoteWebDriver.findElement(RemoteWebDriver.java:315)
at org.openqa.selenium.support.ui.ExpectedConditions$7.apply(ExpectedConditions.java:205)
at org.openqa.selenium.support.ui.ExpectedConditions$7.apply(ExpectedConditions.java:201)
at org.openqa.selenium.support.ui.FluentWait.until(FluentWait.java:249)
... 33 more
... Removed 32 stack frames]]>
    </failure>
  </testcase> <!-- editManagementFunctionality -->
  <testcase classname="com.SoftSuave.BustelSpotTest.CreateManagementTest" name="clickOnParticularManagementTest" time="10.185">
    <failure type="org.openqa.selenium.TimeoutException" message="Expected condition failed: waiting for visibility of element located by By.xpath: //input[@placeholder=&amp;apos;Enter your email address&amp;apos;] (tried for 5 second(s) with 500 milliseconds interval)">
      <![CDATA[org.openqa.selenium.TimeoutException: Expected condition failed: waiting for visibility of element located by By.xpath: //input[@placeholder='Enter your email address'] (tried for 5 second(s) with 500 milliseconds interval)
at org.openqa.selenium.support.ui.WebDriverWait.timeoutException(WebDriverWait.java:95)
at org.openqa.selenium.support.ui.FluentWait.until(FluentWait.java:272)
at com.SoftSuave.BustelSpotMain.BaseClass.waitForElement(BaseClass.java:70)
at com.SoftSuave.BustelSpotMain.PerformActions.sendKeys(PerformActions.java:15)
at com.SoftSuave.BustelSpotMain.LoginPage.loginToApplicationValid(LoginPage.java:33)
at com.SoftSuave.BustelSpotMain.LoginPage.loginToApplicationValid(LoginPage.java:22)
at com.SoftSuave.BustelSpotTest.CreateManagementTest.clickOnParticularManagementTest(CreateManagementTest.java:85)
at java.base/java.util.ArrayList.forEach(ArrayList.java:1507)
Caused by: org.openqa.selenium.NoSuchElementException: no such element: Unable to locate element: {"method":"xpath","selector":"//input[@placeholder='Enter your email address']"}
  (Session info: chrome=84.0.4147.135)
For documentation on this error, please visit: https://www.seleniumhq.org/exceptions/no_such_element.html
Build info: version: '3.141.59', revision: 'e82be7d358', time: '2018-11-14T08:17:03'
System info: host: 'DESKTOP-QAPNIA9', ip: '192.168.4.75', os.name: 'Windows 10', os.arch: 'amd64', os.version: '10.0', java.version: '13.0.1'
Driver info: org.openqa.selenium.chrome.ChromeDriver
Capabilities {acceptInsecureCerts: false, browserName: chrome, browserVersion: 84.0.4147.135, chrome: {chromedriverVersion: 83.0.4103.39 (ccbf011cb2d2b..., userDataDir: C:\Users\SOFTSU~1\AppData\L...}, goog:chromeOptions: {debuggerAddress: localhost:53445}, javascriptEnabled: true, networkConnectionEnabled: false, pageLoadStrategy: normal, platform: WINDOWS, platformName: WINDOWS, proxy: Proxy(), setWindowRect: true, strictFileInteractability: false, timeouts: {implicit: 0, pageLoad: 300000, script: 30000}, unhandledPromptBehavior: dismiss and notify, webauthn:virtualAuthenticators: true}
Session ID: 13721bf6390bf8273904fe490c9502ce
*** Element info: {Using=xpath, value=//input[@placeholder='Enter your email address']}
at org.openqa.selenium.remote.http.W3CHttpResponseCodec.createException(W3CHttpResponseCodec.java:187)
at org.openqa.selenium.remote.http.W3CHttpResponseCodec.decode(W3CHttpResponseCodec.java:122)
at org.openqa.selenium.remote.http.W3CHttpResponseCodec.decode(W3CHttpResponseCodec.java:49)
at org.openqa.selenium.remote.HttpCommandExecutor.execute(HttpCommandExecutor.java:158)
at org.openqa.selenium.remote.service.DriverCommandExecutor.execute(DriverCommandExecutor.java:83)
at org.openqa.selenium.remote.RemoteWebDriver.execute(RemoteWebDriver.java:552)
at org.openqa.selenium.remote.RemoteWebDriver.findElement(RemoteWebDriver.java:323)
at org.openqa.selenium.remote.RemoteWebDriver.findElementByXPath(RemoteWebDriver.java:428)
at org.openqa.selenium.By$ByXPath.findElement(By.java:353)
at org.openqa.selenium.remote.RemoteWebDriver.findElement(RemoteWebDriver.java:315)
at org.openqa.selenium.support.ui.ExpectedConditions$7.apply(ExpectedConditions.java:205)
at org.openqa.selenium.support.ui.ExpectedConditions$7.apply(ExpectedConditions.java:201)
at org.openqa.selenium.support.ui.FluentWait.until(FluentWait.java:249)
... 33 more
... Removed 32 stack frames]]>
    </failure>
  </testcase> <!-- clickOnParticularManagementTest -->
  <testcase classname="com.SoftSuave.BustelSpotTest.CreateManagementTest" name="clickOnParticularManagementTestAndResfresh" time="10.132">
    <failure type="org.openqa.selenium.TimeoutException" message="Expected condition failed: waiting for visibility of element located by By.xpath: //input[@placeholder=&amp;apos;Enter your email address&amp;apos;] (tried for 5 second(s) with 500 milliseconds interval)">
      <![CDATA[org.openqa.selenium.TimeoutException: Expected condition failed: waiting for visibility of element located by By.xpath: //input[@placeholder='Enter your email address'] (tried for 5 second(s) with 500 milliseconds interval)
at org.openqa.selenium.support.ui.WebDriverWait.timeoutException(WebDriverWait.java:95)
at org.openqa.selenium.support.ui.FluentWait.until(FluentWait.java:272)
at com.SoftSuave.BustelSpotMain.BaseClass.waitForElement(BaseClass.java:70)
at com.SoftSuave.BustelSpotMain.PerformActions.sendKeys(PerformActions.java:15)
at com.SoftSuave.BustelSpotMain.LoginPage.loginToApplicationValid(LoginPage.java:33)
at com.SoftSuave.BustelSpotMain.LoginPage.loginToApplicationValid(LoginPage.java:22)
at com.SoftSuave.BustelSpotTest.CreateManagementTest.clickOnParticularManagementTestAndResfresh(CreateManagementTest.java:94)
at java.base/java.util.ArrayList.forEach(ArrayList.java:1507)
Caused by: org.openqa.selenium.NoSuchElementException: no such element: Unable to locate element: {"method":"xpath","selector":"//input[@placeholder='Enter your email address']"}
  (Session info: chrome=84.0.4147.135)
For documentation on this error, please visit: https://www.seleniumhq.org/exceptions/no_such_element.html
Build info: version: '3.141.59', revision: 'e82be7d358', time: '2018-11-14T08:17:03'
System info: host: 'DESKTOP-QAPNIA9', ip: '192.168.4.75', os.name: 'Windows 10', os.arch: 'amd64', os.version: '10.0', java.version: '13.0.1'
Driver info: org.openqa.selenium.chrome.ChromeDriver
Capabilities {acceptInsecureCerts: false, browserName: chrome, browserVersion: 84.0.4147.135, chrome: {chromedriverVersion: 83.0.4103.39 (ccbf011cb2d2b..., userDataDir: C:\Users\SOFTSU~1\AppData\L...}, goog:chromeOptions: {debuggerAddress: localhost:53445}, javascriptEnabled: true, networkConnectionEnabled: false, pageLoadStrategy: normal, platform: WINDOWS, platformName: WINDOWS, proxy: Proxy(), setWindowRect: true, strictFileInteractability: false, timeouts: {implicit: 0, pageLoad: 300000, script: 30000}, unhandledPromptBehavior: dismiss and notify, webauthn:virtualAuthenticators: true}
Session ID: 13721bf6390bf8273904fe490c9502ce
*** Element info: {Using=xpath, value=//input[@placeholder='Enter your email address']}
at org.openqa.selenium.remote.http.W3CHttpResponseCodec.createException(W3CHttpResponseCodec.java:187)
at org.openqa.selenium.remote.http.W3CHttpResponseCodec.decode(W3CHttpResponseCodec.java:122)
at org.openqa.selenium.remote.http.W3CHttpResponseCodec.decode(W3CHttpResponseCodec.java:49)
at org.openqa.selenium.remote.HttpCommandExecutor.execute(HttpCommandExecutor.java:158)
at org.openqa.selenium.remote.service.DriverCommandExecutor.execute(DriverCommandExecutor.java:83)
at org.openqa.selenium.remote.RemoteWebDriver.execute(RemoteWebDriver.java:552)
at org.openqa.selenium.remote.RemoteWebDriver.findElement(RemoteWebDriver.java:323)
at org.openqa.selenium.remote.RemoteWebDriver.findElementByXPath(RemoteWebDriver.java:428)
at org.openqa.selenium.By$ByXPath.findElement(By.java:353)
at org.openqa.selenium.remote.RemoteWebDriver.findElement(RemoteWebDriver.java:315)
at org.openqa.selenium.support.ui.ExpectedConditions$7.apply(ExpectedConditions.java:205)
at org.openqa.selenium.support.ui.ExpectedConditions$7.apply(ExpectedConditions.java:201)
at org.openqa.selenium.support.ui.FluentWait.until(FluentWait.java:249)
... 33 more
... Removed 32 stack frames]]>
    </failure>
  </testcase> <!-- clickOnParticularManagementTestAndResfresh -->
  <testcase classname="com.SoftSuave.BustelSpotTest.CreateManagementTest" name="deleteManagementFunctionality" time="25.08">
    <failure type="org.openqa.selenium.NoSuchElementException" message="no such element: Unable to locate element: {&amp;quot;method&amp;quot;:&amp;quot;xpath&amp;quot;,&amp;quot;selector&amp;quot;:&amp;quot;((//span[text()=&amp;apos;Demo&amp;apos;])/../following-sibling::div[1]/button/span)[1]&amp;quot;}
  (Session info: chrome=84.0.4147.135)
For documentation on this error, please visit: https://www.seleniumhq.org/exceptions/no_such_element.html
Build info: version: &amp;apos;3.141.59&amp;apos;, revision: &amp;apos;e82be7d358&amp;apos;, time: &amp;apos;2018-11-14T08:17:03&amp;apos;
System info: host: &amp;apos;DESKTOP-QAPNIA9&amp;apos;, ip: &amp;apos;192.168.4.75&amp;apos;, os.name: &amp;apos;Windows 10&amp;apos;, os.arch: &amp;apos;amd64&amp;apos;, os.version: &amp;apos;10.0&amp;apos;, java.version: &amp;apos;13.0.1&amp;apos;
Driver info: org.openqa.selenium.chrome.ChromeDriver
Capabilities {acceptInsecureCerts: false, browserName: chrome, browserVersion: 84.0.4147.135, chrome: {chromedriverVersion: 83.0.4103.39 (ccbf011cb2d2b..., userDataDir: C:\Users\SOFTSU~1\AppData\L...}, goog:chromeOptions: {debuggerAddress: localhost:53445}, javascriptEnabled: true, networkConnectionEnabled: false, pageLoadStrategy: normal, platform: WINDOWS, platformName: WINDOWS, proxy: Proxy(), setWindowRect: true, strictFileInteractability: false, timeouts: {implicit: 0, pageLoad: 300000, script: 30000}, unhandledPromptBehavior: dismiss and notify, webauthn:virtualAuthenticators: true}
Session ID: 13721bf6390bf8273904fe490c9502ce
*** Element info: {Using=xpath, value=((//span[text()=&amp;apos;Demo&amp;apos;])/../following-sibling::div[1]/button/span)[1]}">
      <![CDATA[org.openqa.selenium.NoSuchElementException: no such element: Unable to locate element: {"method":"xpath","selector":"((//span[text()='Demo'])/../following-sibling::div[1]/button/span)[1]"}
  (Session info: chrome=84.0.4147.135)
For documentation on this error, please visit: https://www.seleniumhq.org/exceptions/no_such_element.html
Build info: version: '3.141.59', revision: 'e82be7d358', time: '2018-11-14T08:17:03'
System info: host: 'DESKTOP-QAPNIA9', ip: '192.168.4.75', os.name: 'Windows 10', os.arch: 'amd64', os.version: '10.0', java.version: '13.0.1'
Driver info: org.openqa.selenium.chrome.ChromeDriver
Capabilities {acceptInsecureCerts: false, browserName: chrome, browserVersion: 84.0.4147.135, chrome: {chromedriverVersion: 83.0.4103.39 (ccbf011cb2d2b..., userDataDir: C:\Users\SOFTSU~1\AppData\L...}, goog:chromeOptions: {debuggerAddress: localhost:53445}, javascriptEnabled: true, networkConnectionEnabled: false, pageLoadStrategy: normal, platform: WINDOWS, platformName: WINDOWS, proxy: Proxy(), setWindowRect: true, strictFileInteractability: false, timeouts: {implicit: 0, pageLoad: 300000, script: 30000}, unhandledPromptBehavior: dismiss and notify, webauthn:virtualAuthenticators: true}
Session ID: 13721bf6390bf8273904fe490c9502ce
*** Element info: {Using=xpath, value=((//span[text()='Demo'])/../following-sibling::div[1]/button/span)[1]}
at org.openqa.selenium.remote.http.W3CHttpResponseCodec.createException(W3CHttpResponseCodec.java:187)
at org.openqa.selenium.remote.http.W3CHttpResponseCodec.decode(W3CHttpResponseCodec.java:122)
at org.openqa.selenium.remote.http.W3CHttpResponseCodec.decode(W3CHttpResponseCodec.java:49)
at org.openqa.selenium.remote.HttpCommandExecutor.execute(HttpCommandExecutor.java:158)
at org.openqa.selenium.remote.service.DriverCommandExecutor.execute(DriverCommandExecutor.java:83)
at org.openqa.selenium.remote.RemoteWebDriver.execute(RemoteWebDriver.java:552)
at org.openqa.selenium.remote.RemoteWebDriver.findElement(RemoteWebDriver.java:323)
at org.openqa.selenium.remote.RemoteWebDriver.findElementByXPath(RemoteWebDriver.java:428)
at org.openqa.selenium.By$ByXPath.findElement(By.java:353)
at org.openqa.selenium.remote.RemoteWebDriver.findElement(RemoteWebDriver.java:315)
at com.SoftSuave.BustelSpotMain.CreateManagement.deleteManagement(CreateManagement.java:91)
at com.SoftSuave.BustelSpotTest.CreateManagementTest.deleteManagementFunctionality(CreateManagementTest.java:76)
at java.base/java.util.ArrayList.forEach(ArrayList.java:1507)
... Removed 32 stack frames]]>
    </failure>
  </testcase> <!-- deleteManagementFunctionality -->
</testsuite> <!-- Test -->
